<?xml version="1.0" encoding="UTF-8"?>
<testng-results ignored="0" total="1" passed="1" failed="0" skipped="0">
  <reporter-output>
  </reporter-output>
  <suite started-at="2023-10-14T03:58:24 IST" name="Ebanking" finished-at="2023-10-14T03:59:04 IST" duration-ms="40407">
    <groups>
    </groups>
    <test started-at="2023-10-14T03:58:24 IST" name="BankingApp Test" finished-at="2023-10-14T03:59:04 IST" duration-ms="40407">
      <class name="eBanking.testCases.AddCustomer_TC03">
        <test-method is-config="true" signature="setup()[pri:0, instance:eBanking.testCases.AddCustomer_TC03@158da8e]" started-at="2023-10-14T03:58:24 IST" name="setup" finished-at="2023-10-14T03:58:38 IST" duration-ms="14733" status="PASS">
          <reporter-output>
          </reporter-output>
        </test-method> <!-- setup -->
        <test-method signature="addNewCustomer()[pri:0, instance:eBanking.testCases.AddCustomer_TC03@158da8e]" started-at="2023-10-14T03:58:38 IST" name="addNewCustomer" finished-at="2023-10-14T03:59:04 IST" duration-ms="25408" status="PASS">
          <reporter-output>
          </reporter-output>
        </test-method> <!-- addNewCustomer -->
        <test-method is-config="true" signature="tearDown()[pri:0, instance:eBanking.testCases.AddCustomer_TC03@158da8e]" started-at="2023-10-14T03:59:04 IST" name="tearDown" finished-at="2023-10-14T03:59:04 IST" duration-ms="169" status="PASS">
          <reporter-output>
          </reporter-output>
        </test-method> <!-- tearDown -->
      </class> <!-- eBanking.testCases.AddCustomer_TC03 -->
    </test> <!-- BankingApp Test -->
  </suite> <!-- Ebanking -->
</testng-results>
